<?xml version="1.0" encoding="UTF-8"?>
<coverage generated="1569880679481" clover="3.2.0">
  <project timestamp="1569880679482" name="All files">
    <metrics statements="49" coveredstatements="40" conditionals="12" coveredconditionals="8" methods="12" coveredmethods="11" elements="73" coveredelements="59" complexity="0" loc="49" ncloc="49" packages="1" files="2" classes="2"/>
    <file name="queue.js" path="/Users/grimlywallace/Desktop/dsa/queue.js">
      <metrics statements="26" coveredstatements="25" conditionals="6" coveredconditionals="4" methods="6" coveredmethods="6"/>
      <line num="5" count="3" type="stmt"/>
      <line num="6" count="3" type="stmt"/>
      <line num="10" count="2" type="stmt"/>
      <line num="11" count="2" type="stmt"/>
      <line num="13" count="2" type="stmt"/>
      <line num="14" count="3" type="stmt"/>
      <line num="15" count="3" type="stmt"/>
      <line num="17" count="2" type="stmt"/>
      <line num="18" count="2" type="stmt"/>
      <line num="22" count="7" type="stmt"/>
      <line num="27" count="7" type="stmt"/>
      <line num="28" count="7" type="cond" truecount="2" falsecount="0"/>
      <line num="29" count="3" type="stmt"/>
      <line num="30" count="3" type="stmt"/>
      <line num="31" count="3" type="stmt"/>
      <line num="33" count="4" type="stmt"/>
      <line num="34" count="4" type="stmt"/>
      <line num="35" count="4" type="stmt"/>
      <line num="39" count="1" type="cond" truecount="1" falsecount="1"/>
      <line num="40" count="0" type="stmt"/>
      <line num="42" count="1" type="stmt"/>
      <line num="43" count="1" type="stmt"/>
      <line num="47" count="2" type="stmt"/>
      <line num="51" count="1" type="cond" truecount="1" falsecount="1"/>
      <line num="52" count="1" type="stmt"/>
      <line num="56" count="1" type="stmt"/>
    </file>
    <file name="stack.js" path="/Users/grimlywallace/Desktop/dsa/stack.js">
      <metrics statements="23" coveredstatements="15" conditionals="6" coveredconditionals="4" methods="6" coveredmethods="5"/>
      <line num="3" count="4" type="stmt"/>
      <line num="4" count="4" type="stmt"/>
      <line num="8" count="11" type="stmt"/>
      <line num="13" count="11" type="stmt"/>
      <line num="14" count="11" type="cond" truecount="2" falsecount="0"/>
      <line num="15" count="4" type="stmt"/>
      <line num="16" count="4" type="stmt"/>
      <line num="18" count="7" type="stmt"/>
      <line num="19" count="7" type="stmt"/>
      <line num="23" count="0" type="stmt"/>
      <line num="24" count="0" type="stmt"/>
      <line num="26" count="0" type="stmt"/>
      <line num="27" count="0" type="stmt"/>
      <line num="28" count="0" type="stmt"/>
      <line num="30" count="0" type="stmt"/>
      <line num="31" count="0" type="stmt"/>
      <line num="35" count="1" type="cond" truecount="1" falsecount="1"/>
      <line num="36" count="0" type="stmt"/>
      <line num="38" count="1" type="stmt"/>
      <line num="42" count="1" type="cond" truecount="1" falsecount="1"/>
      <line num="43" count="1" type="stmt"/>
      <line num="47" count="1" type="stmt"/>
      <line num="51" count="1" type="stmt"/>
    </file>
  </project>
</coverage>
