<?xml version="1.0" encoding="UTF-8"?>
<coverage generated="1568847741081" clover="3.2.0">
  <project timestamp="1568847741081" name="All files">
    <metrics statements="10" coveredstatements="10" conditionals="4" coveredconditionals="4" methods="1" coveredmethods="1" elements="15" coveredelements="15" complexity="0" loc="10" ncloc="10" packages="1" files="1" classes="1"/>
    <file name="binarySearch.js" path="/Users/grimlywallace/Desktop/lab_03/binarySearch.js">
      <metrics statements="10" coveredstatements="10" conditionals="4" coveredconditionals="4" methods="1" coveredmethods="1"/>
      <line num="26" count="1" type="stmt"/>
      <line num="28" count="9" type="stmt"/>
      <line num="30" count="9" type="stmt"/>
      <line num="31" count="15" type="stmt"/>
      <line num="32" count="15" type="cond" truecount="2" falsecount="0"/>
      <line num="33" count="11" type="cond" truecount="2" falsecount="0"/>
      <line num="34" count="10" type="stmt"/>
      <line num="36" count="1" type="stmt"/>
      <line num="38" count="5" type="stmt"/>
      <line num="41" count="1" type="stmt"/>
    </file>
  </project>
</coverage>
