{"/Users/grimlywallace/Desktop/lab_03/binarySearch.js": {"path":"/Users/grimlywallace/Desktop/lab_03/binarySearch.js","statementMap":{"0":{"start":{"line":26,"column":21},"end":{"line":39,"column":1}},"1":{"start":{"line":28,"column":21},"end":{"line":28,"column":22}},"2":{"start":{"line":28,"column":35},"end":{"line":28,"column":50}},"3":{"start":{"line":30,"column":4},"end":{"line":37,"column":5}},"4":{"start":{"line":31,"column":23},"end":{"line":31,"column":60}},"5":{"start":{"line":32,"column":12},"end":{"line":36,"column":40}},"6":{"start":{"line":32,"column":41},"end":{"line":32,"column":57}},"7":{"start":{"line":33,"column":17},"end":{"line":36,"column":40}},"8":{"start":{"line":34,"column":16},"end":{"line":34,"column":42}},"9":{"start":{"line":36,"column":16},"end":{"line":36,"column":40}},"10":{"start":{"line":38,"column":4},"end":{"line":38,"column":14}},"11":{"start":{"line":41,"column":0},"end":{"line":41,"column":40}}},"fnMap":{"0":{"name":"(anonymous_0)","decl":{"start":{"line":26,"column":21},"end":{"line":26,"column":22}},"loc":{"start":{"line":26,"column":36},"end":{"line":39,"column":1}},"line":26}},"branchMap":{"0":{"loc":{"start":{"line":32,"column":12},"end":{"line":36,"column":40}},"type":"if","locations":[{"start":{"line":32,"column":12},"end":{"line":36,"column":40}},{"start":{"line":32,"column":12},"end":{"line":36,"column":40}}],"line":32},"1":{"loc":{"start":{"line":33,"column":17},"end":{"line":36,"column":40}},"type":"if","locations":[{"start":{"line":33,"column":17},"end":{"line":36,"column":40}},{"start":{"line":33,"column":17},"end":{"line":36,"column":40}}],"line":33}},"s":{"0":1,"1":9,"2":9,"3":9,"4":15,"5":15,"6":4,"7":11,"8":10,"9":1,"10":5,"11":1},"f":{"0":9},"b":{"0":[4,11],"1":[10,1]},"_coverageSchema":"43e27e138ebf9cfc5966b082cf9a028302ed4184","hash":"1da1607612a40751aacb6c5377f11e37dd6faec4"}
}
