TN:
SF:/Users/grimlywallace/Desktop/dsa/queue.js
FN:4,(anonymous_0)
FN:9,(anonymous_1)
FN:21,(anonymous_2)
FN:38,(anonymous_3)
FN:46,(anonymous_4)
FN:50,(anonymous_5)
FNF:6
FNH:6
FNDA:3,(anonymous_0)
FNDA:2,(anonymous_1)
FNDA:7,(anonymous_2)
FNDA:1,(anonymous_3)
FNDA:2,(anonymous_4)
FNDA:1,(anonymous_5)
DA:5,3
DA:6,3
DA:10,2
DA:11,2
DA:13,2
DA:14,3
DA:15,3
DA:17,2
DA:18,2
DA:22,7
DA:27,7
DA:28,7
DA:29,3
DA:30,3
DA:31,3
DA:33,4
DA:34,4
DA:35,4
DA:39,1
DA:40,0
DA:42,1
DA:43,1
DA:47,2
DA:51,1
DA:52,1
DA:56,1
LF:26
LH:25
BRDA:28,0,0,3
BRDA:28,0,1,4
BRDA:39,1,0,0
BRDA:39,1,1,1
BRDA:51,2,0,0
BRDA:51,2,1,1
BRF:6
BRH:4
end_of_record
TN:
SF:/Users/grimlywallace/Desktop/dsa/stack.js
FN:2,(anonymous_0)
FN:7,(anonymous_1)
FN:22,(anonymous_2)
FN:34,(anonymous_3)
FN:41,(anonymous_4)
FN:46,(anonymous_5)
FNF:6
FNH:5
FNDA:4,(anonymous_0)
FNDA:11,(anonymous_1)
FNDA:0,(anonymous_2)
FNDA:1,(anonymous_3)
FNDA:1,(anonymous_4)
FNDA:1,(anonymous_5)
DA:3,4
DA:4,4
DA:8,11
DA:13,11
DA:14,11
DA:15,4
DA:16,4
DA:18,7
DA:19,7
DA:23,0
DA:24,0
DA:26,0
DA:27,0
DA:28,0
DA:30,0
DA:31,0
DA:35,1
DA:36,0
DA:38,1
DA:42,1
DA:43,1
DA:47,1
DA:51,1
LF:23
LH:15
BRDA:14,0,0,4
BRDA:14,0,1,7
BRDA:35,1,0,0
BRDA:35,1,1,1
BRDA:42,2,0,0
BRDA:42,2,1,1
BRF:6
BRH:4
end_of_record
